22.10.2020 14:31:07.407 [RMI TCP Connection(3)-127.0.0.1] INFO   c.z.h.HikariDataSource - HikariPool-1 - Starting...
22.10.2020 14:31:07.848 [RMI TCP Connection(3)-127.0.0.1] INFO   c.z.h.HikariDataSource - HikariPool-1 - Start completed.
22.10.2020 14:31:08.317 [http-nio-8080-exec-1] INFO   Request Logger - GET /java_web/
user-agent: IntelliJ IDEA/201.6668.121
accept-encoding: gzip
cache-control: no-cache
pragma: no-cache
host: localhost:8080
accept: text/html, image/gif, image/jpeg, *; q=.2, */*; q=.2
connection: keep-alive

22.10.2020 14:31:10.535 [http-nio-8080-exec-3] INFO   Request Logger - GET /java_web/
host: localhost:8080
connection: keep-alive
upgrade-insecure-requests: 1
user-agent: Mozilla/5.0 (Windows NT 10.0; Win64; x64) AppleWebKit/537.36 (KHTML, like Gecko) Chrome/86.0.4240.111 Safari/537.36
accept: text/html,application/xhtml+xml,application/xml;q=0.9,image/avif,image/webp,image/apng,*/*;q=0.8,application/signed-exchange;v=b3;q=0.9
sec-fetch-site: none
sec-fetch-mode: navigate
sec-fetch-user: ?1
sec-fetch-dest: document
accept-encoding: gzip, deflate, br
accept-language: ru-RU,ru;q=0.9,en-US;q=0.8,en;q=0.7
cookie: Webstorm-17f09d7e=cfee3a85-e996-4db3-81af-1148e7d2162a

22.10.2020 14:32:36.741 [RMI TCP Connection(6)-127.0.0.1] INFO   c.z.h.HikariDataSource - HikariPool-2 - Starting...
22.10.2020 14:32:37.069 [RMI TCP Connection(6)-127.0.0.1] INFO   c.z.h.HikariDataSource - HikariPool-2 - Start completed.
22.10.2020 14:35:22.992 [RMI TCP Connection(9)-127.0.0.1] INFO   c.z.h.HikariDataSource - HikariPool-3 - Starting...
22.10.2020 14:35:23.411 [RMI TCP Connection(9)-127.0.0.1] INFO   c.z.h.HikariDataSource - HikariPool-3 - Start completed.
22.10.2020 14:36:54.739 [RMI TCP Connection(3)-127.0.0.1] INFO   c.z.h.HikariDataSource - HikariPool-1 - Starting...
22.10.2020 14:36:55.148 [RMI TCP Connection(3)-127.0.0.1] INFO   c.z.h.HikariDataSource - HikariPool-1 - Start completed.
22.10.2020 14:38:19.257 [RMI TCP Connection(6)-127.0.0.1] INFO   c.z.h.HikariDataSource - HikariPool-2 - Starting...
22.10.2020 14:38:19.701 [RMI TCP Connection(6)-127.0.0.1] INFO   c.z.h.HikariDataSource - HikariPool-2 - Start completed.
22.10.2020 14:39:10.637 [RMI TCP Connection(9)-127.0.0.1] INFO   c.z.h.HikariDataSource - HikariPool-3 - Starting...
22.10.2020 14:39:10.980 [RMI TCP Connection(9)-127.0.0.1] INFO   c.z.h.HikariDataSource - HikariPool-3 - Start completed.
22.10.2020 14:40:17.263 [RMI TCP Connection(12)-127.0.0.1] INFO   c.z.h.HikariDataSource - HikariPool-4 - Starting...
22.10.2020 14:40:17.620 [RMI TCP Connection(12)-127.0.0.1] INFO   c.z.h.HikariDataSource - HikariPool-4 - Start completed.
22.10.2020 14:41:34.793 [RMI TCP Connection(15)-127.0.0.1] INFO   c.z.h.HikariDataSource - HikariPool-5 - Starting...
22.10.2020 14:41:35.384 [RMI TCP Connection(15)-127.0.0.1] INFO   c.z.h.HikariDataSource - HikariPool-5 - Start completed.
22.10.2020 14:42:37.702 [RMI TCP Connection(3)-127.0.0.1] INFO   c.z.h.HikariDataSource - HikariPool-1 - Starting...
22.10.2020 14:42:38.094 [RMI TCP Connection(3)-127.0.0.1] INFO   c.z.h.HikariDataSource - HikariPool-1 - Start completed.
22.10.2020 14:44:17.010 [RMI TCP Connection(6)-127.0.0.1] INFO   c.z.h.HikariDataSource - HikariPool-2 - Starting...
22.10.2020 14:44:17.317 [RMI TCP Connection(6)-127.0.0.1] INFO   c.z.h.HikariDataSource - HikariPool-2 - Start completed.
22.10.2020 14:44:31.509 [http-nio-8080-exec-7] INFO   Request Logger - GET /java_web/login
host: localhost:8080
connection: keep-alive
cache-control: max-age=0
upgrade-insecure-requests: 1
user-agent: Mozilla/5.0 (Windows NT 10.0; Win64; x64) AppleWebKit/537.36 (KHTML, like Gecko) Chrome/86.0.4240.111 Safari/537.36
accept: text/html,application/xhtml+xml,application/xml;q=0.9,image/avif,image/webp,image/apng,*/*;q=0.8,application/signed-exchange;v=b3;q=0.9
sec-fetch-site: none
sec-fetch-mode: navigate
sec-fetch-user: ?1
sec-fetch-dest: document
accept-encoding: gzip, deflate, br
accept-language: ru-RU,ru;q=0.9,en-US;q=0.8,en;q=0.7
cookie: Webstorm-17f09d7e=cfee3a85-e996-4db3-81af-1148e7d2162a

22.10.2020 14:46:04.218 [RMI TCP Connection(3)-127.0.0.1] INFO   c.z.h.HikariDataSource - HikariPool-1 - Starting...
22.10.2020 14:46:04.609 [RMI TCP Connection(3)-127.0.0.1] INFO   c.z.h.HikariDataSource - HikariPool-1 - Start completed.
22.10.2020 14:46:05.126 [http-nio-8080-exec-4] INFO   Request Logger - GET /java_web/login
host: localhost:8080
connection: keep-alive
upgrade-insecure-requests: 1
user-agent: Mozilla/5.0 (Windows NT 10.0; Win64; x64) AppleWebKit/537.36 (KHTML, like Gecko) Chrome/86.0.4240.111 Safari/537.36
accept: text/html,application/xhtml+xml,application/xml;q=0.9,image/avif,image/webp,image/apng,*/*;q=0.8,application/signed-exchange;v=b3;q=0.9
sec-fetch-site: none
sec-fetch-mode: navigate
sec-fetch-user: ?1
sec-fetch-dest: document
accept-encoding: gzip, deflate, br
accept-language: ru-RU,ru;q=0.9,en-US;q=0.8,en;q=0.7
cookie: Webstorm-17f09d7e=cfee3a85-e996-4db3-81af-1148e7d2162a

22.10.2020 14:48:44.135 [RMI TCP Connection(6)-127.0.0.1] INFO   c.z.h.HikariDataSource - HikariPool-2 - Starting...
22.10.2020 14:48:44.564 [RMI TCP Connection(6)-127.0.0.1] INFO   c.z.h.HikariDataSource - HikariPool-2 - Start completed.
22.10.2020 14:49:03.513 [http-nio-8080-exec-8] INFO   Request Logger - GET /java_web/login
host: localhost:8080
connection: keep-alive
cache-control: max-age=0
upgrade-insecure-requests: 1
user-agent: Mozilla/5.0 (Windows NT 10.0; Win64; x64) AppleWebKit/537.36 (KHTML, like Gecko) Chrome/86.0.4240.111 Safari/537.36
accept: text/html,application/xhtml+xml,application/xml;q=0.9,image/avif,image/webp,image/apng,*/*;q=0.8,application/signed-exchange;v=b3;q=0.9
sec-fetch-site: none
sec-fetch-mode: navigate
sec-fetch-user: ?1
sec-fetch-dest: document
accept-encoding: gzip, deflate, br
accept-language: ru-RU,ru;q=0.9,en-US;q=0.8,en;q=0.7
cookie: Webstorm-17f09d7e=cfee3a85-e996-4db3-81af-1148e7d2162a

22.10.2020 14:52:19.849 [RMI TCP Connection(9)-127.0.0.1] INFO   c.z.h.HikariDataSource - HikariPool-3 - Starting...
22.10.2020 14:52:20.202 [RMI TCP Connection(9)-127.0.0.1] INFO   c.z.h.HikariDataSource - HikariPool-3 - Start completed.
22.10.2020 14:52:40.908 [http-nio-8080-exec-9] INFO   Request Logger - GET /java_web/login
host: localhost:8080
connection: keep-alive
cache-control: max-age=0
upgrade-insecure-requests: 1
user-agent: Mozilla/5.0 (Windows NT 10.0; Win64; x64) AppleWebKit/537.36 (KHTML, like Gecko) Chrome/86.0.4240.111 Safari/537.36
accept: text/html,application/xhtml+xml,application/xml;q=0.9,image/avif,image/webp,image/apng,*/*;q=0.8,application/signed-exchange;v=b3;q=0.9
sec-fetch-site: none
sec-fetch-mode: navigate
sec-fetch-user: ?1
sec-fetch-dest: document
accept-encoding: gzip, deflate, br
accept-language: ru-RU,ru;q=0.9,en-US;q=0.8,en;q=0.7
cookie: Webstorm-17f09d7e=cfee3a85-e996-4db3-81af-1148e7d2162a

22.10.2020 14:54:55.901 [RMI TCP Connection(3)-127.0.0.1] INFO   c.z.h.HikariDataSource - HikariPool-1 - Starting...
22.10.2020 14:54:56.300 [RMI TCP Connection(3)-127.0.0.1] INFO   c.z.h.HikariDataSource - HikariPool-1 - Start completed.
22.10.2020 14:54:56.634 [http-nio-8080-exec-2] INFO   Request Logger - GET /java_web/login
user-agent: IntelliJ IDEA/201.6668.121
accept-encoding: gzip
cache-control: no-cache
pragma: no-cache
host: localhost:8080
accept: text/html, image/gif, image/jpeg, *; q=.2, */*; q=.2
connection: keep-alive

22.10.2020 14:54:56.899 [http-nio-8080-exec-5] INFO   Request Logger - GET /java_web/login
host: localhost:8080
connection: keep-alive
upgrade-insecure-requests: 1
user-agent: Mozilla/5.0 (Windows NT 10.0; Win64; x64) AppleWebKit/537.36 (KHTML, like Gecko) Chrome/86.0.4240.111 Safari/537.36
accept: text/html,application/xhtml+xml,application/xml;q=0.9,image/avif,image/webp,image/apng,*/*;q=0.8,application/signed-exchange;v=b3;q=0.9
sec-fetch-site: none
sec-fetch-mode: navigate
sec-fetch-user: ?1
sec-fetch-dest: document
accept-encoding: gzip, deflate, br
accept-language: ru-RU,ru;q=0.9,en-US;q=0.8,en;q=0.7
cookie: Webstorm-17f09d7e=cfee3a85-e996-4db3-81af-1148e7d2162a

22.10.2020 14:57:42.943 [RMI TCP Connection(6)-127.0.0.1] INFO   c.z.h.HikariDataSource - HikariPool-2 - Starting...
22.10.2020 14:57:43.243 [RMI TCP Connection(6)-127.0.0.1] INFO   c.z.h.HikariDataSource - HikariPool-2 - Start completed.
22.10.2020 14:58:44.158 [RMI TCP Connection(3)-127.0.0.1] INFO   c.z.h.HikariDataSource - HikariPool-1 - Starting...
22.10.2020 14:58:44.574 [RMI TCP Connection(3)-127.0.0.1] INFO   c.z.h.HikariDataSource - HikariPool-1 - Start completed.
22.10.2020 14:58:45.081 [http-nio-8080-exec-2] INFO   Request Logger - GET /java_web/login
user-agent: IntelliJ IDEA/201.6668.121
accept-encoding: gzip
cache-control: no-cache
pragma: no-cache
host: localhost:8080
accept: text/html, image/gif, image/jpeg, *; q=.2, */*; q=.2
connection: keep-alive

22.10.2020 14:58:47.611 [http-nio-8080-exec-5] INFO   Request Logger - GET /java_web/login
host: localhost:8080
connection: keep-alive
upgrade-insecure-requests: 1
user-agent: Mozilla/5.0 (Windows NT 10.0; Win64; x64) AppleWebKit/537.36 (KHTML, like Gecko) Chrome/86.0.4240.111 Safari/537.36
accept: text/html,application/xhtml+xml,application/xml;q=0.9,image/avif,image/webp,image/apng,*/*;q=0.8,application/signed-exchange;v=b3;q=0.9
sec-fetch-site: none
sec-fetch-mode: navigate
sec-fetch-user: ?1
sec-fetch-dest: document
accept-encoding: gzip, deflate, br
accept-language: ru-RU,ru;q=0.9,en-US;q=0.8,en;q=0.7
cookie: Webstorm-17f09d7e=cfee3a85-e996-4db3-81af-1148e7d2162a

22.10.2020 14:58:47.712 [http-nio-8080-exec-7] INFO   Request Logger - GET /java_web/login
host: localhost:8080
connection: keep-alive
user-agent: Mozilla/5.0 (Windows NT 10.0; Win64; x64) AppleWebKit/537.36 (KHTML, like Gecko) Chrome/86.0.4240.111 Safari/537.36
accept: */*
sec-fetch-site: same-origin
sec-fetch-mode: no-cors
sec-fetch-dest: script
referer: http://localhost:8080/java_web/login
accept-encoding: gzip, deflate, br
accept-language: ru-RU,ru;q=0.9,en-US;q=0.8,en;q=0.7
cookie: JSESSIONID=557B1E69253A0A204331D07B613C7285; Webstorm-17f09d7e=cfee3a85-e996-4db3-81af-1148e7d2162a

22.10.2020 15:00:45.781 [http-nio-8080-exec-8] INFO   Request Logger - GET /java_web/registration
host: localhost:8080
connection: keep-alive
upgrade-insecure-requests: 1
user-agent: Mozilla/5.0 (Windows NT 10.0; Win64; x64) AppleWebKit/537.36 (KHTML, like Gecko) Chrome/86.0.4240.111 Safari/537.36
accept: text/html,application/xhtml+xml,application/xml;q=0.9,image/avif,image/webp,image/apng,*/*;q=0.8,application/signed-exchange;v=b3;q=0.9
sec-fetch-site: same-origin
sec-fetch-mode: navigate
sec-fetch-user: ?1
sec-fetch-dest: document
referer: http://localhost:8080/java_web/login
accept-encoding: gzip, deflate, br
accept-language: ru-RU,ru;q=0.9,en-US;q=0.8,en;q=0.7
cookie: JSESSIONID=557B1E69253A0A204331D07B613C7285; Webstorm-17f09d7e=cfee3a85-e996-4db3-81af-1148e7d2162a

22.10.2020 15:03:20.863 [RMI TCP Connection(6)-127.0.0.1] INFO   c.z.h.HikariDataSource - HikariPool-2 - Starting...
22.10.2020 15:03:21.217 [RMI TCP Connection(6)-127.0.0.1] INFO   c.z.h.HikariDataSource - HikariPool-2 - Start completed.
22.10.2020 15:03:44.406 [http-nio-8080-exec-1] INFO   Request Logger - GET /java_web/registration
host: localhost:8080
connection: keep-alive
cache-control: max-age=0
upgrade-insecure-requests: 1
user-agent: Mozilla/5.0 (Windows NT 10.0; Win64; x64) AppleWebKit/537.36 (KHTML, like Gecko) Chrome/86.0.4240.111 Safari/537.36
accept: text/html,application/xhtml+xml,application/xml;q=0.9,image/avif,image/webp,image/apng,*/*;q=0.8,application/signed-exchange;v=b3;q=0.9
sec-fetch-site: same-origin
sec-fetch-mode: navigate
sec-fetch-user: ?1
sec-fetch-dest: document
referer: http://localhost:8080/java_web/login
accept-encoding: gzip, deflate, br
accept-language: ru-RU,ru;q=0.9,en-US;q=0.8,en;q=0.7
cookie: JSESSIONID=557B1E69253A0A204331D07B613C7285; Webstorm-17f09d7e=cfee3a85-e996-4db3-81af-1148e7d2162a

22.10.2020 15:03:52.345 [http-nio-8080-exec-7] INFO   Request Logger - GET /java_web/registration
host: localhost:8080
connection: keep-alive
cache-control: max-age=0
upgrade-insecure-requests: 1
user-agent: Mozilla/5.0 (Windows NT 10.0; Win64; x64) AppleWebKit/537.36 (KHTML, like Gecko) Chrome/86.0.4240.111 Safari/537.36
accept: text/html,application/xhtml+xml,application/xml;q=0.9,image/avif,image/webp,image/apng,*/*;q=0.8,application/signed-exchange;v=b3;q=0.9
sec-fetch-site: same-origin
sec-fetch-mode: navigate
sec-fetch-user: ?1
sec-fetch-dest: document
referer: http://localhost:8080/java_web/login
accept-encoding: gzip, deflate, br
accept-language: ru-RU,ru;q=0.9,en-US;q=0.8,en;q=0.7
cookie: JSESSIONID=557B1E69253A0A204331D07B613C7285; Webstorm-17f09d7e=cfee3a85-e996-4db3-81af-1148e7d2162a

22.10.2020 15:04:33.847 [RMI TCP Connection(9)-127.0.0.1] INFO   c.z.h.HikariDataSource - HikariPool-3 - Starting...
22.10.2020 15:04:34.211 [RMI TCP Connection(9)-127.0.0.1] INFO   c.z.h.HikariDataSource - HikariPool-3 - Start completed.
22.10.2020 15:04:55.136 [http-nio-8080-exec-2] INFO   Request Logger - GET /java_web/registration
host: localhost:8080
connection: keep-alive
cache-control: max-age=0
upgrade-insecure-requests: 1
user-agent: Mozilla/5.0 (Windows NT 10.0; Win64; x64) AppleWebKit/537.36 (KHTML, like Gecko) Chrome/86.0.4240.111 Safari/537.36
accept: text/html,application/xhtml+xml,application/xml;q=0.9,image/avif,image/webp,image/apng,*/*;q=0.8,application/signed-exchange;v=b3;q=0.9
sec-fetch-site: same-origin
sec-fetch-mode: navigate
sec-fetch-user: ?1
sec-fetch-dest: document
referer: http://localhost:8080/java_web/login
accept-encoding: gzip, deflate, br
accept-language: ru-RU,ru;q=0.9,en-US;q=0.8,en;q=0.7
cookie: JSESSIONID=557B1E69253A0A204331D07B613C7285; Webstorm-17f09d7e=cfee3a85-e996-4db3-81af-1148e7d2162a

22.10.2020 15:08:00.816 [RMI TCP Connection(12)-127.0.0.1] INFO   c.z.h.HikariDataSource - HikariPool-4 - Starting...
22.10.2020 15:08:01.167 [RMI TCP Connection(12)-127.0.0.1] INFO   c.z.h.HikariDataSource - HikariPool-4 - Start completed.
22.10.2020 15:08:26.292 [http-nio-8080-exec-17] INFO   Request Logger - GET /java_web/registration
host: localhost:8080
connection: keep-alive
cache-control: max-age=0
upgrade-insecure-requests: 1
user-agent: Mozilla/5.0 (Windows NT 10.0; Win64; x64) AppleWebKit/537.36 (KHTML, like Gecko) Chrome/86.0.4240.111 Safari/537.36
accept: text/html,application/xhtml+xml,application/xml;q=0.9,image/avif,image/webp,image/apng,*/*;q=0.8,application/signed-exchange;v=b3;q=0.9
sec-fetch-site: same-origin
sec-fetch-mode: navigate
sec-fetch-user: ?1
sec-fetch-dest: document
referer: http://localhost:8080/java_web/login
accept-encoding: gzip, deflate, br
accept-language: ru-RU,ru;q=0.9,en-US;q=0.8,en;q=0.7
cookie: JSESSIONID=90CD5A5321F3309629C39524AE543D27; Webstorm-17f09d7e=cfee3a85-e996-4db3-81af-1148e7d2162a

22.10.2020 15:08:40.472 [http-nio-8080-exec-11] INFO   Request Logger - POST /java_web/registration
host: localhost:8080
connection: keep-alive
content-length: 50
cache-control: max-age=0
upgrade-insecure-requests: 1
origin: http://localhost:8080
content-type: application/x-www-form-urlencoded
user-agent: Mozilla/5.0 (Windows NT 10.0; Win64; x64) AppleWebKit/537.36 (KHTML, like Gecko) Chrome/86.0.4240.111 Safari/537.36
accept: text/html,application/xhtml+xml,application/xml;q=0.9,image/avif,image/webp,image/apng,*/*;q=0.8,application/signed-exchange;v=b3;q=0.9
sec-fetch-site: same-origin
sec-fetch-mode: navigate
sec-fetch-user: ?1
sec-fetch-dest: document
referer: http://localhost:8080/java_web/registration
accept-encoding: gzip, deflate, br
accept-language: ru-RU,ru;q=0.9,en-US;q=0.8,en;q=0.7
cookie: JSESSIONID=40B9AB4EC6C6D9D8D857DC50FF0783C4; Webstorm-17f09d7e=cfee3a85-e996-4db3-81af-1148e7d2162a

22.10.2020 15:11:35.057 [RMI TCP Connection(15)-127.0.0.1] INFO   c.z.h.HikariDataSource - HikariPool-5 - Starting...
22.10.2020 15:11:35.446 [RMI TCP Connection(15)-127.0.0.1] INFO   c.z.h.HikariDataSource - HikariPool-5 - Start completed.
22.10.2020 15:11:49.749 [http-nio-8080-exec-15] INFO   Request Logger - GET /java_web/login
host: localhost:8080
connection: keep-alive
cache-control: max-age=0
upgrade-insecure-requests: 1
user-agent: Mozilla/5.0 (Windows NT 10.0; Win64; x64) AppleWebKit/537.36 (KHTML, like Gecko) Chrome/86.0.4240.111 Safari/537.36
accept: text/html,application/xhtml+xml,application/xml;q=0.9,image/avif,image/webp,image/apng,*/*;q=0.8,application/signed-exchange;v=b3;q=0.9
sec-fetch-site: none
sec-fetch-mode: navigate
sec-fetch-user: ?1
sec-fetch-dest: document
accept-encoding: gzip, deflate, br
accept-language: ru-RU,ru;q=0.9,en-US;q=0.8,en;q=0.7
cookie: JSESSIONID=40B9AB4EC6C6D9D8D857DC50FF0783C4; Webstorm-17f09d7e=cfee3a85-e996-4db3-81af-1148e7d2162a

22.10.2020 15:11:50.122 [http-nio-8080-exec-21] INFO   Request Logger - GET /java_web/login
host: localhost:8080
connection: keep-alive
user-agent: Mozilla/5.0 (Windows NT 10.0; Win64; x64) AppleWebKit/537.36 (KHTML, like Gecko) Chrome/86.0.4240.111 Safari/537.36
accept: */*
sec-fetch-site: same-origin
sec-fetch-mode: no-cors
sec-fetch-dest: script
referer: http://localhost:8080/java_web/login
accept-encoding: gzip, deflate, br
accept-language: ru-RU,ru;q=0.9,en-US;q=0.8,en;q=0.7
cookie: JSESSIONID=152BEB0EA0F4CE67C13B0C24D868739F; Webstorm-17f09d7e=cfee3a85-e996-4db3-81af-1148e7d2162a

22.10.2020 15:11:51.453 [http-nio-8080-exec-23] INFO   Request Logger - GET /java_web/registration
host: localhost:8080
connection: keep-alive
upgrade-insecure-requests: 1
user-agent: Mozilla/5.0 (Windows NT 10.0; Win64; x64) AppleWebKit/537.36 (KHTML, like Gecko) Chrome/86.0.4240.111 Safari/537.36
accept: text/html,application/xhtml+xml,application/xml;q=0.9,image/avif,image/webp,image/apng,*/*;q=0.8,application/signed-exchange;v=b3;q=0.9
sec-fetch-site: same-origin
sec-fetch-mode: navigate
sec-fetch-user: ?1
sec-fetch-dest: document
referer: http://localhost:8080/java_web/login
accept-encoding: gzip, deflate, br
accept-language: ru-RU,ru;q=0.9,en-US;q=0.8,en;q=0.7
cookie: JSESSIONID=152BEB0EA0F4CE67C13B0C24D868739F; Webstorm-17f09d7e=cfee3a85-e996-4db3-81af-1148e7d2162a

22.10.2020 15:11:58.207 [http-nio-8080-exec-24] INFO   Request Logger - POST /java_web/registration
host: localhost:8080
connection: keep-alive
content-length: 47
cache-control: max-age=0
upgrade-insecure-requests: 1
origin: http://localhost:8080
content-type: application/x-www-form-urlencoded
user-agent: Mozilla/5.0 (Windows NT 10.0; Win64; x64) AppleWebKit/537.36 (KHTML, like Gecko) Chrome/86.0.4240.111 Safari/537.36
accept: text/html,application/xhtml+xml,application/xml;q=0.9,image/avif,image/webp,image/apng,*/*;q=0.8,application/signed-exchange;v=b3;q=0.9
sec-fetch-site: same-origin
sec-fetch-mode: navigate
sec-fetch-user: ?1
sec-fetch-dest: document
referer: http://localhost:8080/java_web/registration
accept-encoding: gzip, deflate, br
accept-language: ru-RU,ru;q=0.9,en-US;q=0.8,en;q=0.7
cookie: JSESSIONID=152BEB0EA0F4CE67C13B0C24D868739F; Webstorm-17f09d7e=cfee3a85-e996-4db3-81af-1148e7d2162a

22.10.2020 15:16:33.277 [RMI TCP Connection(3)-127.0.0.1] INFO   c.z.h.HikariDataSource - HikariPool-1 - Starting...
22.10.2020 15:16:33.711 [RMI TCP Connection(3)-127.0.0.1] INFO   c.z.h.HikariDataSource - HikariPool-1 - Start completed.
22.10.2020 15:16:34.333 [http-nio-8080-exec-2] INFO   Request Logger - GET /java_web/login
user-agent: IntelliJ IDEA/201.6668.121
accept-encoding: gzip
cache-control: no-cache
pragma: no-cache
host: localhost:8080
accept: text/html, image/gif, image/jpeg, *; q=.2, */*; q=.2
connection: keep-alive

22.10.2020 15:16:36.724 [http-nio-8080-exec-5] INFO   Request Logger - GET /java_web/login
host: localhost:8080
connection: keep-alive
upgrade-insecure-requests: 1
user-agent: Mozilla/5.0 (Windows NT 10.0; Win64; x64) AppleWebKit/537.36 (KHTML, like Gecko) Chrome/86.0.4240.111 Safari/537.36
accept: text/html,application/xhtml+xml,application/xml;q=0.9,image/avif,image/webp,image/apng,*/*;q=0.8,application/signed-exchange;v=b3;q=0.9
sec-fetch-site: none
sec-fetch-mode: navigate
sec-fetch-user: ?1
sec-fetch-dest: document
accept-encoding: gzip, deflate, br
accept-language: ru-RU,ru;q=0.9,en-US;q=0.8,en;q=0.7
cookie: JSESSIONID=152BEB0EA0F4CE67C13B0C24D868739F; Webstorm-17f09d7e=cfee3a85-e996-4db3-81af-1148e7d2162a

22.10.2020 15:16:36.815 [http-nio-8080-exec-7] INFO   Request Logger - GET /java_web/login
host: localhost:8080
connection: keep-alive
user-agent: Mozilla/5.0 (Windows NT 10.0; Win64; x64) AppleWebKit/537.36 (KHTML, like Gecko) Chrome/86.0.4240.111 Safari/537.36
accept: */*
sec-fetch-site: same-origin
sec-fetch-mode: no-cors
sec-fetch-dest: script
referer: http://localhost:8080/java_web/login
accept-encoding: gzip, deflate, br
accept-language: ru-RU,ru;q=0.9,en-US;q=0.8,en;q=0.7
cookie: JSESSIONID=94EC58E89339D66507516E77BF64AFF2; Webstorm-17f09d7e=cfee3a85-e996-4db3-81af-1148e7d2162a

22.10.2020 15:17:27.673 [http-nio-8080-exec-8] INFO   Request Logger - GET /java_web/registration
host: localhost:8080
connection: keep-alive
upgrade-insecure-requests: 1
user-agent: Mozilla/5.0 (Windows NT 10.0; Win64; x64) AppleWebKit/537.36 (KHTML, like Gecko) Chrome/86.0.4240.111 Safari/537.36
accept: text/html,application/xhtml+xml,application/xml;q=0.9,image/avif,image/webp,image/apng,*/*;q=0.8,application/signed-exchange;v=b3;q=0.9
sec-fetch-site: same-origin
sec-fetch-mode: navigate
sec-fetch-user: ?1
sec-fetch-dest: document
referer: http://localhost:8080/java_web/login
accept-encoding: gzip, deflate, br
accept-language: ru-RU,ru;q=0.9,en-US;q=0.8,en;q=0.7
cookie: JSESSIONID=94EC58E89339D66507516E77BF64AFF2; Webstorm-17f09d7e=cfee3a85-e996-4db3-81af-1148e7d2162a

22.10.2020 15:17:36.370 [http-nio-8080-exec-9] INFO   Request Logger - POST /java_web/registration
host: localhost:8080
connection: keep-alive
content-length: 47
cache-control: max-age=0
upgrade-insecure-requests: 1
origin: http://localhost:8080
content-type: application/x-www-form-urlencoded
user-agent: Mozilla/5.0 (Windows NT 10.0; Win64; x64) AppleWebKit/537.36 (KHTML, like Gecko) Chrome/86.0.4240.111 Safari/537.36
accept: text/html,application/xhtml+xml,application/xml;q=0.9,image/avif,image/webp,image/apng,*/*;q=0.8,application/signed-exchange;v=b3;q=0.9
sec-fetch-site: same-origin
sec-fetch-mode: navigate
sec-fetch-user: ?1
sec-fetch-dest: document
referer: http://localhost:8080/java_web/registration
accept-encoding: gzip, deflate, br
accept-language: ru-RU,ru;q=0.9,en-US;q=0.8,en;q=0.7
cookie: JSESSIONID=94EC58E89339D66507516E77BF64AFF2; Webstorm-17f09d7e=cfee3a85-e996-4db3-81af-1148e7d2162a

22.10.2020 15:21:25.677 [http-nio-8080-exec-3] INFO   Request Logger - GET /java_web/login
host: localhost:8080
connection: keep-alive
upgrade-insecure-requests: 1
user-agent: Mozilla/5.0 (Windows NT 10.0; Win64; x64) AppleWebKit/537.36 (KHTML, like Gecko) Chrome/86.0.4240.111 Safari/537.36
accept: text/html,application/xhtml+xml,application/xml;q=0.9,image/avif,image/webp,image/apng,*/*;q=0.8,application/signed-exchange;v=b3;q=0.9
sec-fetch-site: none
sec-fetch-mode: navigate
sec-fetch-user: ?1
sec-fetch-dest: document
accept-encoding: gzip, deflate, br
accept-language: ru-RU,ru;q=0.9,en-US;q=0.8,en;q=0.7
cookie: JSESSIONID=94EC58E89339D66507516E77BF64AFF2; Webstorm-17f09d7e=cfee3a85-e996-4db3-81af-1148e7d2162a

22.10.2020 15:21:25.735 [http-nio-8080-exec-5] INFO   Request Logger - GET /java_web/login
host: localhost:8080
connection: keep-alive
user-agent: Mozilla/5.0 (Windows NT 10.0; Win64; x64) AppleWebKit/537.36 (KHTML, like Gecko) Chrome/86.0.4240.111 Safari/537.36
accept: */*
sec-fetch-site: same-origin
sec-fetch-mode: no-cors
sec-fetch-dest: script
referer: http://localhost:8080/java_web/login
accept-encoding: gzip, deflate, br
accept-language: ru-RU,ru;q=0.9,en-US;q=0.8,en;q=0.7
cookie: JSESSIONID=94EC58E89339D66507516E77BF64AFF2; Webstorm-17f09d7e=cfee3a85-e996-4db3-81af-1148e7d2162a

22.10.2020 15:21:31.682 [http-nio-8080-exec-6] INFO   Request Logger - GET /java_web/login
host: localhost:8080
connection: keep-alive
upgrade-insecure-requests: 1
user-agent: Mozilla/5.0 (Windows NT 10.0; Win64; x64) AppleWebKit/537.36 (KHTML, like Gecko) Chrome/86.0.4240.111 Safari/537.36
accept: text/html,application/xhtml+xml,application/xml;q=0.9,image/avif,image/webp,image/apng,*/*;q=0.8,application/signed-exchange;v=b3;q=0.9
sec-fetch-site: same-origin
sec-fetch-mode: navigate
sec-fetch-user: ?1
sec-fetch-dest: document
referer: http://localhost:8080/java_web/login
accept-encoding: gzip, deflate, br
accept-language: ru-RU,ru;q=0.9,en-US;q=0.8,en;q=0.7
cookie: JSESSIONID=94EC58E89339D66507516E77BF64AFF2; Webstorm-17f09d7e=cfee3a85-e996-4db3-81af-1148e7d2162a

22.10.2020 15:21:31.754 [http-nio-8080-exec-8] INFO   Request Logger - GET /java_web/login
host: localhost:8080
connection: keep-alive
upgrade-insecure-requests: 1
user-agent: Mozilla/5.0 (Windows NT 10.0; Win64; x64) AppleWebKit/537.36 (KHTML, like Gecko) Chrome/86.0.4240.111 Safari/537.36
accept: text/html,application/xhtml+xml,application/xml;q=0.9,image/avif,image/webp,image/apng,*/*;q=0.8,application/signed-exchange;v=b3;q=0.9
sec-fetch-site: same-origin
sec-fetch-mode: navigate
sec-fetch-user: ?1
sec-fetch-dest: document
referer: http://localhost:8080/java_web/login
accept-encoding: gzip, deflate, br
accept-language: ru-RU,ru;q=0.9,en-US;q=0.8,en;q=0.7
cookie: JSESSIONID=94EC58E89339D66507516E77BF64AFF2; session=8c0d0844-84f0-47e0-864e-90f8a80f3825; Webstorm-17f09d7e=cfee3a85-e996-4db3-81af-1148e7d2162a

22.10.2020 15:21:31.799 [http-nio-8080-exec-10] INFO   Request Logger - GET /java_web/login
host: localhost:8080
connection: keep-alive
user-agent: Mozilla/5.0 (Windows NT 10.0; Win64; x64) AppleWebKit/537.36 (KHTML, like Gecko) Chrome/86.0.4240.111 Safari/537.36
accept: */*
sec-fetch-site: same-origin
sec-fetch-mode: no-cors
sec-fetch-dest: script
referer: http://localhost:8080/java_web/login
accept-encoding: gzip, deflate, br
accept-language: ru-RU,ru;q=0.9,en-US;q=0.8,en;q=0.7
cookie: JSESSIONID=94EC58E89339D66507516E77BF64AFF2; session=8c0d0844-84f0-47e0-864e-90f8a80f3825; Webstorm-17f09d7e=cfee3a85-e996-4db3-81af-1148e7d2162a

22.10.2020 15:25:35.232 [RMI TCP Connection(6)-127.0.0.1] INFO   c.z.h.HikariDataSource - HikariPool-2 - Starting...
22.10.2020 15:25:35.548 [RMI TCP Connection(6)-127.0.0.1] INFO   c.z.h.HikariDataSource - HikariPool-2 - Start completed.
22.10.2020 15:27:54.275 [RMI TCP Connection(3)-127.0.0.1] INFO   c.z.h.HikariDataSource - HikariPool-1 - Starting...
22.10.2020 15:27:54.670 [RMI TCP Connection(3)-127.0.0.1] INFO   c.z.h.HikariDataSource - HikariPool-1 - Start completed.
22.10.2020 15:27:55.056 [http-nio-8080-exec-2] INFO   Request Logger - GET /java_web/login
user-agent: IntelliJ IDEA/201.6668.121
accept-encoding: gzip
cache-control: no-cache
pragma: no-cache
host: localhost:8080
accept: text/html, image/gif, image/jpeg, *; q=.2, */*; q=.2
connection: keep-alive

22.10.2020 15:27:58.845 [http-nio-8080-exec-5] INFO   Request Logger - GET /java_web/login
host: localhost:8080
connection: keep-alive
upgrade-insecure-requests: 1
user-agent: Mozilla/5.0 (Windows NT 10.0; Win64; x64) AppleWebKit/537.36 (KHTML, like Gecko) Chrome/86.0.4240.111 Safari/537.36
accept: text/html,application/xhtml+xml,application/xml;q=0.9,image/avif,image/webp,image/apng,*/*;q=0.8,application/signed-exchange;v=b3;q=0.9
sec-fetch-site: none
sec-fetch-mode: navigate
sec-fetch-user: ?1
sec-fetch-dest: document
accept-encoding: gzip, deflate, br
accept-language: ru-RU,ru;q=0.9,en-US;q=0.8,en;q=0.7
cookie: Webstorm-17f09d7e=cfee3a85-e996-4db3-81af-1148e7d2162a

22.10.2020 15:27:59.198 [http-nio-8080-exec-7] INFO   Request Logger - GET /java_web/login
host: localhost:8080
connection: keep-alive
user-agent: Mozilla/5.0 (Windows NT 10.0; Win64; x64) AppleWebKit/537.36 (KHTML, like Gecko) Chrome/86.0.4240.111 Safari/537.36
accept: */*
sec-fetch-site: same-origin
sec-fetch-mode: no-cors
sec-fetch-dest: script
referer: http://localhost:8080/java_web/login
accept-encoding: gzip, deflate, br
accept-language: ru-RU,ru;q=0.9,en-US;q=0.8,en;q=0.7
cookie: JSESSIONID=9A8FEEE16183DC5B9D670D0447C36325; Webstorm-17f09d7e=cfee3a85-e996-4db3-81af-1148e7d2162a

22.10.2020 15:29:39.761 [http-nio-8080-exec-1] INFO   Request Logger - GET /java_web/registration
host: localhost:8080
connection: keep-alive
upgrade-insecure-requests: 1
user-agent: Mozilla/5.0 (Windows NT 10.0; Win64; x64) AppleWebKit/537.36 (KHTML, like Gecko) Chrome/86.0.4240.111 Safari/537.36
accept: text/html,application/xhtml+xml,application/xml;q=0.9,image/avif,image/webp,image/apng,*/*;q=0.8,application/signed-exchange;v=b3;q=0.9
sec-fetch-site: same-origin
sec-fetch-mode: navigate
sec-fetch-user: ?1
sec-fetch-dest: document
referer: http://localhost:8080/java_web/login
accept-encoding: gzip, deflate, br
accept-language: ru-RU,ru;q=0.9,en-US;q=0.8,en;q=0.7
cookie: JSESSIONID=9A8FEEE16183DC5B9D670D0447C36325; Webstorm-17f09d7e=cfee3a85-e996-4db3-81af-1148e7d2162a

22.10.2020 15:30:11.016 [http-nio-8080-exec-4] INFO   Request Logger - POST /java_web/registration
host: localhost:8080
connection: keep-alive
content-length: 50
cache-control: max-age=0
upgrade-insecure-requests: 1
origin: http://localhost:8080
content-type: application/x-www-form-urlencoded
user-agent: Mozilla/5.0 (Windows NT 10.0; Win64; x64) AppleWebKit/537.36 (KHTML, like Gecko) Chrome/86.0.4240.111 Safari/537.36
accept: text/html,application/xhtml+xml,application/xml;q=0.9,image/avif,image/webp,image/apng,*/*;q=0.8,application/signed-exchange;v=b3;q=0.9
sec-fetch-site: same-origin
sec-fetch-mode: navigate
sec-fetch-user: ?1
sec-fetch-dest: document
referer: http://localhost:8080/java_web/registration
accept-encoding: gzip, deflate, br
accept-language: ru-RU,ru;q=0.9,en-US;q=0.8,en;q=0.7
cookie: JSESSIONID=9A8FEEE16183DC5B9D670D0447C36325; Webstorm-17f09d7e=cfee3a85-e996-4db3-81af-1148e7d2162a

22.10.2020 15:35:23.079 [RMI TCP Connection(6)-127.0.0.1] INFO   c.z.h.HikariDataSource - HikariPool-2 - Starting...
22.10.2020 15:35:23.435 [RMI TCP Connection(6)-127.0.0.1] INFO   c.z.h.HikariDataSource - HikariPool-2 - Start completed.
22.10.2020 15:36:46.786 [http-nio-8080-exec-4] INFO   Request Logger - POST /java_web/registration
host: localhost:8080
connection: keep-alive
content-length: 47
cache-control: max-age=0
upgrade-insecure-requests: 1
origin: http://localhost:8080
content-type: application/x-www-form-urlencoded
user-agent: Mozilla/5.0 (Windows NT 10.0; Win64; x64) AppleWebKit/537.36 (KHTML, like Gecko) Chrome/86.0.4240.111 Safari/537.36
accept: text/html,application/xhtml+xml,application/xml;q=0.9,image/avif,image/webp,image/apng,*/*;q=0.8,application/signed-exchange;v=b3;q=0.9
sec-fetch-site: same-origin
sec-fetch-mode: navigate
sec-fetch-user: ?1
sec-fetch-dest: document
referer: http://localhost:8080/java_web/registration
accept-encoding: gzip, deflate, br
accept-language: ru-RU,ru;q=0.9,en-US;q=0.8,en;q=0.7
cookie: JSESSIONID=9A8FEEE16183DC5B9D670D0447C36325; Webstorm-17f09d7e=cfee3a85-e996-4db3-81af-1148e7d2162a

22.10.2020 15:36:46.889 [http-nio-8080-exec-7] INFO   Request Logger - GET /java_web/login
host: localhost:8080
connection: keep-alive
cache-control: max-age=0
upgrade-insecure-requests: 1
user-agent: Mozilla/5.0 (Windows NT 10.0; Win64; x64) AppleWebKit/537.36 (KHTML, like Gecko) Chrome/86.0.4240.111 Safari/537.36
accept: text/html,application/xhtml+xml,application/xml;q=0.9,image/avif,image/webp,image/apng,*/*;q=0.8,application/signed-exchange;v=b3;q=0.9
sec-fetch-site: same-origin
sec-fetch-mode: navigate
sec-fetch-user: ?1
sec-fetch-dest: document
referer: http://localhost:8080/java_web/registration
accept-encoding: gzip, deflate, br
accept-language: ru-RU,ru;q=0.9,en-US;q=0.8,en;q=0.7
cookie: JSESSIONID=9A8FEEE16183DC5B9D670D0447C36325; session=fbc3ee1c-872c-41ba-be34-0db0ff5ff5dd; Webstorm-17f09d7e=cfee3a85-e996-4db3-81af-1148e7d2162a

22.10.2020 15:36:47.192 [http-nio-8080-exec-5] INFO   Request Logger - GET /java_web/login
host: localhost:8080
connection: keep-alive
user-agent: Mozilla/5.0 (Windows NT 10.0; Win64; x64) AppleWebKit/537.36 (KHTML, like Gecko) Chrome/86.0.4240.111 Safari/537.36
accept: */*
sec-fetch-site: same-origin
sec-fetch-mode: no-cors
sec-fetch-dest: script
referer: http://localhost:8080/java_web/login
accept-encoding: gzip, deflate, br
accept-language: ru-RU,ru;q=0.9,en-US;q=0.8,en;q=0.7
cookie: session=fbc3ee1c-872c-41ba-be34-0db0ff5ff5dd; JSESSIONID=E455A0F28E88A07C4390B9131FD20793; Webstorm-17f09d7e=cfee3a85-e996-4db3-81af-1148e7d2162a

22.10.2020 15:41:37.944 [http-nio-8080-exec-12] INFO   Request Logger - GET /java_web/login
host: localhost:8080
connection: keep-alive
upgrade-insecure-requests: 1
user-agent: Mozilla/5.0 (Windows NT 10.0; Win64; x64) AppleWebKit/537.36 (KHTML, like Gecko) Chrome/86.0.4240.111 Safari/537.36
accept: text/html,application/xhtml+xml,application/xml;q=0.9,image/avif,image/webp,image/apng,*/*;q=0.8,application/signed-exchange;v=b3;q=0.9
sec-fetch-site: none
sec-fetch-mode: navigate
sec-fetch-user: ?1
sec-fetch-dest: document
accept-encoding: gzip, deflate, br
accept-language: ru-RU,ru;q=0.9,en-US;q=0.8,en;q=0.7
cookie: session=fbc3ee1c-872c-41ba-be34-0db0ff5ff5dd; JSESSIONID=E455A0F28E88A07C4390B9131FD20793; Webstorm-17f09d7e=cfee3a85-e996-4db3-81af-1148e7d2162a

22.10.2020 15:41:38.040 [http-nio-8080-exec-14] INFO   Request Logger - GET /java_web/login
host: localhost:8080
connection: keep-alive
user-agent: Mozilla/5.0 (Windows NT 10.0; Win64; x64) AppleWebKit/537.36 (KHTML, like Gecko) Chrome/86.0.4240.111 Safari/537.36
accept: */*
sec-fetch-site: same-origin
sec-fetch-mode: no-cors
sec-fetch-dest: script
referer: http://localhost:8080/java_web/login
accept-encoding: gzip, deflate, br
accept-language: ru-RU,ru;q=0.9,en-US;q=0.8,en;q=0.7
cookie: session=fbc3ee1c-872c-41ba-be34-0db0ff5ff5dd; JSESSIONID=E455A0F28E88A07C4390B9131FD20793; Webstorm-17f09d7e=cfee3a85-e996-4db3-81af-1148e7d2162a

22.10.2020 15:54:42.276 [RMI TCP Connection(9)-127.0.0.1] INFO   c.z.h.HikariDataSource - HikariPool-3 - Starting...
22.10.2020 15:54:42.591 [RMI TCP Connection(9)-127.0.0.1] INFO   c.z.h.HikariDataSource - HikariPool-3 - Start completed.
22.10.2020 15:55:29.456 [http-nio-8080-exec-13] INFO   Request Logger - GET /java_web/login
host: localhost:8080
connection: keep-alive
upgrade-insecure-requests: 1
user-agent: Mozilla/5.0 (Windows NT 10.0; Win64; x64) AppleWebKit/537.36 (KHTML, like Gecko) Chrome/86.0.4240.111 Safari/537.36
accept: text/html,application/xhtml+xml,application/xml;q=0.9,image/avif,image/webp,image/apng,*/*;q=0.8,application/signed-exchange;v=b3;q=0.9
sec-fetch-site: none
sec-fetch-mode: navigate
sec-fetch-user: ?1
sec-fetch-dest: document
accept-encoding: gzip, deflate, br
accept-language: ru-RU,ru;q=0.9,en-US;q=0.8,en;q=0.7
cookie: session=fbc3ee1c-872c-41ba-be34-0db0ff5ff5dd; JSESSIONID=E455A0F28E88A07C4390B9131FD20793; Webstorm-17f09d7e=cfee3a85-e996-4db3-81af-1148e7d2162a

22.10.2020 15:55:29.798 [http-nio-8080-exec-20] INFO   Request Logger - GET /java_web/login
host: localhost:8080
connection: keep-alive
user-agent: Mozilla/5.0 (Windows NT 10.0; Win64; x64) AppleWebKit/537.36 (KHTML, like Gecko) Chrome/86.0.4240.111 Safari/537.36
accept: */*
sec-fetch-site: same-origin
sec-fetch-mode: no-cors
sec-fetch-dest: script
referer: http://localhost:8080/java_web/login
accept-encoding: gzip, deflate, br
accept-language: ru-RU,ru;q=0.9,en-US;q=0.8,en;q=0.7
cookie: session=fbc3ee1c-872c-41ba-be34-0db0ff5ff5dd; JSESSIONID=5FDEAF563483D22B4A85AD45E4797DD8; Webstorm-17f09d7e=cfee3a85-e996-4db3-81af-1148e7d2162a

22.10.2020 15:59:17.436 [RMI TCP Connection(12)-127.0.0.1] INFO   c.z.h.HikariDataSource - HikariPool-4 - Starting...
22.10.2020 15:59:17.860 [RMI TCP Connection(12)-127.0.0.1] INFO   c.z.h.HikariDataSource - HikariPool-4 - Start completed.
22.10.2020 16:00:34.478 [RMI TCP Connection(15)-127.0.0.1] INFO   c.z.h.HikariDataSource - HikariPool-5 - Starting...
22.10.2020 16:00:34.871 [RMI TCP Connection(15)-127.0.0.1] INFO   c.z.h.HikariDataSource - HikariPool-5 - Start completed.
22.10.2020 16:02:45.303 [http-nio-8080-exec-32] INFO   Request Logger - GET /java_web/users
host: localhost:8080
connection: keep-alive
cache-control: max-age=0
upgrade-insecure-requests: 1
user-agent: Mozilla/5.0 (Windows NT 10.0; Win64; x64) AppleWebKit/537.36 (KHTML, like Gecko) Chrome/86.0.4240.111 Safari/537.36
accept: text/html,application/xhtml+xml,application/xml;q=0.9,image/avif,image/webp,image/apng,*/*;q=0.8,application/signed-exchange;v=b3;q=0.9
sec-fetch-site: none
sec-fetch-mode: navigate
sec-fetch-user: ?1
sec-fetch-dest: document
accept-encoding: gzip, deflate, br
accept-language: ru-RU,ru;q=0.9,en-US;q=0.8,en;q=0.7
cookie: session=fbc3ee1c-872c-41ba-be34-0db0ff5ff5dd; JSESSIONID=5FDEAF563483D22B4A85AD45E4797DD8; Webstorm-17f09d7e=cfee3a85-e996-4db3-81af-1148e7d2162a

22.10.2020 16:02:45.325 [http-nio-8080-exec-29] INFO   Request Logger - GET /java_web/login
host: localhost:8080
connection: keep-alive
cache-control: max-age=0
upgrade-insecure-requests: 1
user-agent: Mozilla/5.0 (Windows NT 10.0; Win64; x64) AppleWebKit/537.36 (KHTML, like Gecko) Chrome/86.0.4240.111 Safari/537.36
accept: text/html,application/xhtml+xml,application/xml;q=0.9,image/avif,image/webp,image/apng,*/*;q=0.8,application/signed-exchange;v=b3;q=0.9
sec-fetch-site: none
sec-fetch-mode: navigate
sec-fetch-user: ?1
sec-fetch-dest: document
accept-encoding: gzip, deflate, br
accept-language: ru-RU,ru;q=0.9,en-US;q=0.8,en;q=0.7
cookie: session=fbc3ee1c-872c-41ba-be34-0db0ff5ff5dd; JSESSIONID=5FDEAF563483D22B4A85AD45E4797DD8; Webstorm-17f09d7e=cfee3a85-e996-4db3-81af-1148e7d2162a

22.10.2020 16:02:45.621 [http-nio-8080-exec-11] INFO   Request Logger - GET /java_web/script.js
host: localhost:8080
connection: keep-alive
user-agent: Mozilla/5.0 (Windows NT 10.0; Win64; x64) AppleWebKit/537.36 (KHTML, like Gecko) Chrome/86.0.4240.111 Safari/537.36
accept: */*
sec-fetch-site: same-origin
sec-fetch-mode: no-cors
sec-fetch-dest: script
referer: http://localhost:8080/java_web/login
accept-encoding: gzip, deflate, br
accept-language: ru-RU,ru;q=0.9,en-US;q=0.8,en;q=0.7
cookie: session=fbc3ee1c-872c-41ba-be34-0db0ff5ff5dd; JSESSIONID=5FE761DA64598C33ED2BBDF5A3C73F37; Webstorm-17f09d7e=cfee3a85-e996-4db3-81af-1148e7d2162a

22.10.2020 16:02:45.659 [http-nio-8080-exec-26] INFO   Request Logger - GET /java_web/login
host: localhost:8080
connection: keep-alive
user-agent: Mozilla/5.0 (Windows NT 10.0; Win64; x64) AppleWebKit/537.36 (KHTML, like Gecko) Chrome/86.0.4240.111 Safari/537.36
accept: */*
sec-fetch-site: same-origin
sec-fetch-mode: no-cors
sec-fetch-dest: script
referer: http://localhost:8080/java_web/login
accept-encoding: gzip, deflate, br
accept-language: ru-RU,ru;q=0.9,en-US;q=0.8,en;q=0.7
cookie: session=fbc3ee1c-872c-41ba-be34-0db0ff5ff5dd; JSESSIONID=5FE761DA64598C33ED2BBDF5A3C73F37; Webstorm-17f09d7e=cfee3a85-e996-4db3-81af-1148e7d2162a

22.10.2020 16:02:51.830 [http-nio-8080-exec-31] INFO   Request Logger - GET /java_web/users
host: localhost:8080
connection: keep-alive
upgrade-insecure-requests: 1
user-agent: Mozilla/5.0 (Windows NT 10.0; Win64; x64) AppleWebKit/537.36 (KHTML, like Gecko) Chrome/86.0.4240.111 Safari/537.36
accept: text/html,application/xhtml+xml,application/xml;q=0.9,image/avif,image/webp,image/apng,*/*;q=0.8,application/signed-exchange;v=b3;q=0.9
sec-fetch-site: none
sec-fetch-mode: navigate
sec-fetch-user: ?1
sec-fetch-dest: document
accept-encoding: gzip, deflate, br
accept-language: ru-RU,ru;q=0.9,en-US;q=0.8,en;q=0.7
cookie: session=fbc3ee1c-872c-41ba-be34-0db0ff5ff5dd; JSESSIONID=5FE761DA64598C33ED2BBDF5A3C73F37; Webstorm-17f09d7e=cfee3a85-e996-4db3-81af-1148e7d2162a

22.10.2020 16:02:51.839 [http-nio-8080-exec-23] INFO   Request Logger - GET /java_web/login
host: localhost:8080
connection: keep-alive
upgrade-insecure-requests: 1
user-agent: Mozilla/5.0 (Windows NT 10.0; Win64; x64) AppleWebKit/537.36 (KHTML, like Gecko) Chrome/86.0.4240.111 Safari/537.36
accept: text/html,application/xhtml+xml,application/xml;q=0.9,image/avif,image/webp,image/apng,*/*;q=0.8,application/signed-exchange;v=b3;q=0.9
sec-fetch-site: none
sec-fetch-mode: navigate
sec-fetch-user: ?1
sec-fetch-dest: document
accept-encoding: gzip, deflate, br
accept-language: ru-RU,ru;q=0.9,en-US;q=0.8,en;q=0.7
cookie: session=fbc3ee1c-872c-41ba-be34-0db0ff5ff5dd; JSESSIONID=5FE761DA64598C33ED2BBDF5A3C73F37; Webstorm-17f09d7e=cfee3a85-e996-4db3-81af-1148e7d2162a

22.10.2020 16:02:51.869 [http-nio-8080-exec-27] INFO   Request Logger - GET /java_web/script.js
host: localhost:8080
connection: keep-alive
user-agent: Mozilla/5.0 (Windows NT 10.0; Win64; x64) AppleWebKit/537.36 (KHTML, like Gecko) Chrome/86.0.4240.111 Safari/537.36
accept: */*
sec-fetch-site: same-origin
sec-fetch-mode: no-cors
sec-fetch-dest: script
referer: http://localhost:8080/java_web/login
accept-encoding: gzip, deflate, br
accept-language: ru-RU,ru;q=0.9,en-US;q=0.8,en;q=0.7
cookie: session=fbc3ee1c-872c-41ba-be34-0db0ff5ff5dd; JSESSIONID=5FE761DA64598C33ED2BBDF5A3C73F37; Webstorm-17f09d7e=cfee3a85-e996-4db3-81af-1148e7d2162a

22.10.2020 16:02:51.985 [http-nio-8080-exec-28] INFO   Request Logger - GET /java_web/login
host: localhost:8080
connection: keep-alive
user-agent: Mozilla/5.0 (Windows NT 10.0; Win64; x64) AppleWebKit/537.36 (KHTML, like Gecko) Chrome/86.0.4240.111 Safari/537.36
accept: */*
sec-fetch-site: same-origin
sec-fetch-mode: no-cors
sec-fetch-dest: script
referer: http://localhost:8080/java_web/login
accept-encoding: gzip, deflate, br
accept-language: ru-RU,ru;q=0.9,en-US;q=0.8,en;q=0.7
cookie: session=fbc3ee1c-872c-41ba-be34-0db0ff5ff5dd; JSESSIONID=5FE761DA64598C33ED2BBDF5A3C73F37; Webstorm-17f09d7e=cfee3a85-e996-4db3-81af-1148e7d2162a

22.10.2020 16:04:03.069 [http-nio-8080-exec-32] INFO   Request Logger - GET /java_web/login
host: localhost:8080
connection: keep-alive
cache-control: max-age=0
upgrade-insecure-requests: 1
user-agent: Mozilla/5.0 (Windows NT 10.0; Win64; x64) AppleWebKit/537.36 (KHTML, like Gecko) Chrome/86.0.4240.111 Safari/537.36
accept: text/html,application/xhtml+xml,application/xml;q=0.9,image/avif,image/webp,image/apng,*/*;q=0.8,application/signed-exchange;v=b3;q=0.9
sec-fetch-site: none
sec-fetch-mode: navigate
sec-fetch-user: ?1
sec-fetch-dest: document
accept-encoding: gzip, deflate, br
accept-language: ru-RU,ru;q=0.9,en-US;q=0.8,en;q=0.7
cookie: session=fbc3ee1c-872c-41ba-be34-0db0ff5ff5dd; JSESSIONID=5FE761DA64598C33ED2BBDF5A3C73F37; Webstorm-17f09d7e=cfee3a85-e996-4db3-81af-1148e7d2162a

22.10.2020 16:04:03.108 [http-nio-8080-exec-34] INFO   Request Logger - GET /java_web/script.js
host: localhost:8080
connection: keep-alive
user-agent: Mozilla/5.0 (Windows NT 10.0; Win64; x64) AppleWebKit/537.36 (KHTML, like Gecko) Chrome/86.0.4240.111 Safari/537.36
accept: */*
sec-fetch-site: same-origin
sec-fetch-mode: no-cors
sec-fetch-dest: script
referer: http://localhost:8080/java_web/login
accept-encoding: gzip, deflate, br
accept-language: ru-RU,ru;q=0.9,en-US;q=0.8,en;q=0.7
cookie: session=fbc3ee1c-872c-41ba-be34-0db0ff5ff5dd; JSESSIONID=5FE761DA64598C33ED2BBDF5A3C73F37; Webstorm-17f09d7e=cfee3a85-e996-4db3-81af-1148e7d2162a

22.10.2020 16:04:03.134 [http-nio-8080-exec-35] INFO   Request Logger - GET /java_web/login
host: localhost:8080
connection: keep-alive
user-agent: Mozilla/5.0 (Windows NT 10.0; Win64; x64) AppleWebKit/537.36 (KHTML, like Gecko) Chrome/86.0.4240.111 Safari/537.36
accept: */*
sec-fetch-site: same-origin
sec-fetch-mode: no-cors
sec-fetch-dest: script
referer: http://localhost:8080/java_web/login
accept-encoding: gzip, deflate, br
accept-language: ru-RU,ru;q=0.9,en-US;q=0.8,en;q=0.7
cookie: session=fbc3ee1c-872c-41ba-be34-0db0ff5ff5dd; JSESSIONID=5FE761DA64598C33ED2BBDF5A3C73F37; Webstorm-17f09d7e=cfee3a85-e996-4db3-81af-1148e7d2162a

22.10.2020 16:08:20.567 [RMI TCP Connection(18)-127.0.0.1] INFO   c.z.h.HikariDataSource - HikariPool-6 - Starting...
22.10.2020 16:08:21.758 [RMI TCP Connection(18)-127.0.0.1] ERROR  c.z.h.p.HikariPool - HikariPool-6 - Exception during pool initialization.
org.postgresql.util.PSQLException: ВАЖНО: извините, уже слишком много клиентов (pgjdbc: autodetected server-encoding to be windows-1251, if the message is not readable, please check database logs and/or host, port, dbname, user, password, pg_hba.conf)
	at org.postgresql.core.v3.ConnectionFactoryImpl.doAuthentication(ConnectionFactoryImpl.java:613)
	at org.postgresql.core.v3.ConnectionFactoryImpl.tryConnect(ConnectionFactoryImpl.java:161)
	at org.postgresql.core.v3.ConnectionFactoryImpl.openConnectionImpl(ConnectionFactoryImpl.java:213)
	at org.postgresql.core.ConnectionFactory.openConnection(ConnectionFactory.java:51)
	at org.postgresql.jdbc.PgConnection.<init>(PgConnection.java:225)
	at org.postgresql.Driver.makeConnection(Driver.java:465)
	at org.postgresql.Driver.connect(Driver.java:264)
	at com.zaxxer.hikari.util.DriverDataSource.getConnection(DriverDataSource.java:138)
	at com.zaxxer.hikari.pool.PoolBase.newConnection(PoolBase.java:358)
	at com.zaxxer.hikari.pool.PoolBase.newPoolEntry(PoolBase.java:206)
	at com.zaxxer.hikari.pool.HikariPool.createPoolEntry(HikariPool.java:477)
	at com.zaxxer.hikari.pool.HikariPool.checkFailFast(HikariPool.java:560)
	at com.zaxxer.hikari.pool.HikariPool.<init>(HikariPool.java:115)
	at com.zaxxer.hikari.HikariDataSource.<init>(HikariDataSource.java:81)
	at ru.itis.antonov.javalab.web.listeners.CustomServletContextListener.contextInitialized(CustomServletContextListener.java:40)
	at org.apache.catalina.core.StandardContext.listenerStart(StandardContext.java:4678)
	at org.apache.catalina.core.StandardContext.startInternal(StandardContext.java:5139)
	at org.apache.catalina.util.LifecycleBase.start(LifecycleBase.java:183)
	at org.apache.catalina.core.ContainerBase.addChildInternal(ContainerBase.java:717)
	at org.apache.catalina.core.ContainerBase.addChild(ContainerBase.java:690)
	at org.apache.catalina.core.StandardHost.addChild(StandardHost.java:706)
	at org.apache.catalina.startup.HostConfig.manageApp(HostConfig.java:1727)
	at sun.reflect.NativeMethodAccessorImpl.invoke0(Native Method)
	at sun.reflect.NativeMethodAccessorImpl.invoke(NativeMethodAccessorImpl.java:62)
	at sun.reflect.DelegatingMethodAccessorImpl.invoke(DelegatingMethodAccessorImpl.java:43)
	at java.lang.reflect.Method.invoke(Method.java:498)
	at org.apache.tomcat.util.modeler.BaseModelMBean.invoke(BaseModelMBean.java:288)
	at com.sun.jmx.interceptor.DefaultMBeanServerInterceptor.invoke(DefaultMBeanServerInterceptor.java:819)
	at com.sun.jmx.mbeanserver.JmxMBeanServer.invoke(JmxMBeanServer.java:801)
	at org.apache.catalina.mbeans.MBeanFactory.createStandardContext(MBeanFactory.java:456)
	at org.apache.catalina.mbeans.MBeanFactory.createStandardContext(MBeanFactory.java:405)
	at sun.reflect.NativeMethodAccessorImpl.invoke0(Native Method)
	at sun.reflect.NativeMethodAccessorImpl.invoke(NativeMethodAccessorImpl.java:62)
	at sun.reflect.DelegatingMethodAccessorImpl.invoke(DelegatingMethodAccessorImpl.java:43)
	at java.lang.reflect.Method.invoke(Method.java:498)
	at org.apache.tomcat.util.modeler.BaseModelMBean.invoke(BaseModelMBean.java:288)
	at com.sun.jmx.interceptor.DefaultMBeanServerInterceptor.invoke(DefaultMBeanServerInterceptor.java:819)
	at com.sun.jmx.mbeanserver.JmxMBeanServer.invoke(JmxMBeanServer.java:801)
	at com.sun.jmx.remote.security.MBeanServerAccessController.invoke(MBeanServerAccessController.java:468)
	at javax.management.remote.rmi.RMIConnectionImpl.doOperation(RMIConnectionImpl.java:1468)
	at javax.management.remote.rmi.RMIConnectionImpl.access$300(RMIConnectionImpl.java:76)
	at javax.management.remote.rmi.RMIConnectionImpl$PrivilegedOperation.run(RMIConnectionImpl.java:1309)
	at java.security.AccessController.doPrivileged(Native Method)
	at javax.management.remote.rmi.RMIConnectionImpl.doPrivilegedOperation(RMIConnectionImpl.java:1408)
	at javax.management.remote.rmi.RMIConnectionImpl.invoke(RMIConnectionImpl.java:829)
	at sun.reflect.NativeMethodAccessorImpl.invoke0(Native Method)
	at sun.reflect.NativeMethodAccessorImpl.invoke(NativeMethodAccessorImpl.java:62)
	at sun.reflect.DelegatingMethodAccessorImpl.invoke(DelegatingMethodAccessorImpl.java:43)
	at java.lang.reflect.Method.invoke(Method.java:498)
	at sun.rmi.server.UnicastServerRef.dispatch(UnicastServerRef.java:357)
	at sun.rmi.transport.Transport$1.run(Transport.java:200)
	at sun.rmi.transport.Transport$1.run(Transport.java:197)
	at java.security.AccessController.doPrivileged(Native Method)
	at sun.rmi.transport.Transport.serviceCall(Transport.java:196)
	at sun.rmi.transport.tcp.TCPTransport.handleMessages(TCPTransport.java:573)
	at sun.rmi.transport.tcp.TCPTransport$ConnectionHandler.run0(TCPTransport.java:834)
	at sun.rmi.transport.tcp.TCPTransport$ConnectionHandler.lambda$run$0(TCPTransport.java:688)
	at java.security.AccessController.doPrivileged(Native Method)
	at sun.rmi.transport.tcp.TCPTransport$ConnectionHandler.run(TCPTransport.java:687)
	at java.util.concurrent.ThreadPoolExecutor.runWorker(ThreadPoolExecutor.java:1149)
	at java.util.concurrent.ThreadPoolExecutor$Worker.run(ThreadPoolExecutor.java:624)
	at java.lang.Thread.run(Thread.java:748)
22.10.2020 16:09:21.829 [RMI TCP Connection(3)-127.0.0.1] INFO   c.z.h.HikariDataSource - HikariPool-1 - Starting...
22.10.2020 16:09:22.271 [RMI TCP Connection(3)-127.0.0.1] INFO   c.z.h.HikariDataSource - HikariPool-1 - Start completed.
22.10.2020 16:09:22.776 [http-nio-8080-exec-2] INFO   Request Logger - GET /java_web/login
user-agent: IntelliJ IDEA/201.6668.121
accept-encoding: gzip
cache-control: no-cache
pragma: no-cache
host: localhost:8080
accept: text/html, image/gif, image/jpeg, *; q=.2, */*; q=.2
connection: keep-alive

22.10.2020 16:09:25.062 [http-nio-8080-exec-4] INFO   Request Logger - GET /java_web/
host: localhost:8080
connection: keep-alive
upgrade-insecure-requests: 1
user-agent: Mozilla/5.0 (Windows NT 10.0; Win64; x64) AppleWebKit/537.36 (KHTML, like Gecko) Chrome/86.0.4240.111 Safari/537.36
accept: text/html,application/xhtml+xml,application/xml;q=0.9,image/avif,image/webp,image/apng,*/*;q=0.8,application/signed-exchange;v=b3;q=0.9
sec-fetch-site: none
sec-fetch-mode: navigate
sec-fetch-user: ?1
sec-fetch-dest: document
accept-encoding: gzip, deflate, br
accept-language: ru-RU,ru;q=0.9,en-US;q=0.8,en;q=0.7
cookie: session=fbc3ee1c-872c-41ba-be34-0db0ff5ff5dd; JSESSIONID=5FE761DA64598C33ED2BBDF5A3C73F37; Webstorm-17f09d7e=cfee3a85-e996-4db3-81af-1148e7d2162a

22.10.2020 16:09:49.447 [http-nio-8080-exec-6] INFO   Request Logger - GET /java_web/
host: localhost:8080
connection: keep-alive
cache-control: max-age=0
upgrade-insecure-requests: 1
user-agent: Mozilla/5.0 (Windows NT 10.0; Win64; x64) AppleWebKit/537.36 (KHTML, like Gecko) Chrome/86.0.4240.111 Safari/537.36
accept: text/html,application/xhtml+xml,application/xml;q=0.9,image/avif,image/webp,image/apng,*/*;q=0.8,application/signed-exchange;v=b3;q=0.9
sec-fetch-site: none
sec-fetch-mode: navigate
sec-fetch-user: ?1
sec-fetch-dest: document
accept-encoding: gzip, deflate, br
accept-language: ru-RU,ru;q=0.9,en-US;q=0.8,en;q=0.7
cookie: session=fbc3ee1c-872c-41ba-be34-0db0ff5ff5dd; JSESSIONID=5FE761DA64598C33ED2BBDF5A3C73F37; Webstorm-17f09d7e=cfee3a85-e996-4db3-81af-1148e7d2162a

22.10.2020 16:10:39.676 [RMI TCP Connection(6)-127.0.0.1] INFO   c.z.h.HikariDataSource - HikariPool-2 - Starting...
22.10.2020 16:10:40.010 [RMI TCP Connection(6)-127.0.0.1] INFO   c.z.h.HikariDataSource - HikariPool-2 - Start completed.
22.10.2020 16:11:01.273 [http-nio-8080-exec-1] INFO   Request Logger - GET /java_web/
host: localhost:8080
connection: keep-alive
cache-control: max-age=0
upgrade-insecure-requests: 1
user-agent: Mozilla/5.0 (Windows NT 10.0; Win64; x64) AppleWebKit/537.36 (KHTML, like Gecko) Chrome/86.0.4240.111 Safari/537.36
accept: text/html,application/xhtml+xml,application/xml;q=0.9,image/avif,image/webp,image/apng,*/*;q=0.8,application/signed-exchange;v=b3;q=0.9
sec-fetch-site: none
sec-fetch-mode: navigate
sec-fetch-user: ?1
sec-fetch-dest: document
accept-encoding: gzip, deflate, br
accept-language: ru-RU,ru;q=0.9,en-US;q=0.8,en;q=0.7
cookie: session=fbc3ee1c-872c-41ba-be34-0db0ff5ff5dd; JSESSIONID=5FE761DA64598C33ED2BBDF5A3C73F37; Webstorm-17f09d7e=cfee3a85-e996-4db3-81af-1148e7d2162a

22.10.2020 16:11:04.520 [http-nio-8080-exec-8] INFO   Request Logger - GET /java_web/users
host: localhost:8080
connection: keep-alive
upgrade-insecure-requests: 1
user-agent: Mozilla/5.0 (Windows NT 10.0; Win64; x64) AppleWebKit/537.36 (KHTML, like Gecko) Chrome/86.0.4240.111 Safari/537.36
accept: text/html,application/xhtml+xml,application/xml;q=0.9,image/avif,image/webp,image/apng,*/*;q=0.8,application/signed-exchange;v=b3;q=0.9
purpose: prefetch
sec-fetch-site: none
sec-fetch-mode: navigate
sec-fetch-user: ?1
sec-fetch-dest: document
accept-encoding: gzip, deflate, br
accept-language: ru-RU,ru;q=0.9,en-US;q=0.8,en;q=0.7
cookie: session=fbc3ee1c-872c-41ba-be34-0db0ff5ff5dd; JSESSIONID=5FE761DA64598C33ED2BBDF5A3C73F37; Webstorm-17f09d7e=cfee3a85-e996-4db3-81af-1148e7d2162a

22.10.2020 17:59:25.416 [HikariPool-2 housekeeper] WARN   c.z.h.p.HikariPool - HikariPool-2 - Thread starvation or clock leap detected (housekeeper delta=11m15s93ms356µs200ns).
22.10.2020 21:53:50.760 [HikariPool-2 housekeeper] WARN   c.z.h.p.HikariPool - HikariPool-2 - Thread starvation or clock leap detected (housekeeper delta=3h23s732ms685µs200ns).
22.10.2020 22:16:42.260 [HikariPool-2 housekeeper] WARN   c.z.h.p.HikariPool - HikariPool-2 - Thread starvation or clock leap detected (housekeeper delta=23m23s278ms984µs200ns).
